Arguments: 
  /usr/local/Cellar/node/10.10.0/bin/node /usr/local/Cellar/yarn/1.9.4/libexec/bin/yarn.js add vue-chartjs chart.js

PATH: 
  /usr/local/bin:/usr/bin:/bin:/usr/sbin:/sbin

Yarn version: 
  1.9.4

Node version: 
  10.10.0

Platform: 
  darwin x64

Trace: 
  Error: EINVAL: invalid argument, unlink '/Users/apple/Desktop/work/h5/node_modules/assert/node_modules/util'

npm manifest: 
  {
    "name": "photo-vote",
    "version": "1.0.0",
    "description": "vue2 webpack3 postcss cli",
    "scripts": {
      "dev": "node build/dev.js",
      "build": "node build/build.js",
      "build:d": "node build/build-d.js",
      "buildtest": "node build/buildtest.js",
      "build:vendors": "webpack --config build/webpack.dll.config.js"
    },
    "keywords": [
      "摄影大赛"
    ],
    "author": "secret",
    "license": "MIT",
    "devDependencies": {
      "add-asset-html-webpack-plugin": "^2.0.1",
      "autoprefixer": "^6.7.2",
      "babel-core": "^6.25.0",
      "babel-loader": "^7.1.1",
      "babel-plugin-syntax-dynamic-import": "^6.18.0",
      "babel-plugin-transform-runtime": "^6.23.0",
      "babel-preset-es2015": "^6.24.1",
      "babel-preset-es2016": "^6.24.1",
      "babel-preset-es2017": "^6.24.1",
      "babel-preset-stage-3": "^6.24.1",
      "chalk": "^2.0.1",
      "compression-webpack-plugin": "^1.0.0",
      "copy-webpack-plugin": "^4.0.1",
      "css-loader": "^0.28.4",
      "express": "^4.15.3",
      "extract-text-webpack-plugin": "^3.0.0",
      "file-loader": "^0.11.2",
      "friendly-errors-webpack-plugin": "^1.6.1",
      "glob": "^7.1.2",
      "html-loader": "^0.4.5",
      "html-webpack-plugin": "^2.29.0",
      "http-proxy-middleware": "^0.17.4",
      "js-beautify": "1.6.14",
      "less": "^2.7.2",
      "less-loader": "^4.0.3",
      "lesshint": "^3.3.1",
      "opn": "^5.1.0",
      "optimize-css-assets-webpack-plugin": "^2.0.0",
      "ora": "^1.3.0",
      "postcss-css-variables": "^0.7.0",
      "postcss-cssnext": "^3.0.2",
      "postcss-import": "^10.0.0",
      "postcss-loader": "^2.0.6",
      "postcss-nesting": "^4.0.1",
      "postcss-px2rem": "^0.3.0",
      "rimraf": "^2.6.1",
      "style-loader": "^0.18.2",
      "uglifyjs-webpack-plugin": "^0.4.6",
      "url-loader": "^0.5.9",
      "vue-loader": "^12.2.2",
      "vue-style-loader": "^3.0.1",
      "vue-template-compiler": "^2.4.1",
      "webpack": "^3.3.0",
      "webpack-bundle-analyzer": "^2.8.3",
      "webpack-dev-middleware": "^1.11.0",
      "webpack-hot-middleware": "^2.18.2",
      "webpack-merge": "^4.1.0"
    },
    "dependencies": {
      "axios": "^0.16.2",
      "babel-polyfill": "^6.26.0",
      "lockr": "^0.8.4",
      "mint-ui": "^2.2.7",
      "qs": "^6.5.0",
      "vue": "^2.4.1",
      "vue-lazyload": "^1.0.5"
    },
    "main": "index.js",
    "repository": "git@gitlab.alisports.com:web/esports_h5.git"
  }

yarn manifest: 
  No manifest

Lockfile: 
  No lockfile
